<?xml version="1.0" encoding="UTF-8"?>
<coverage generated="1733673954524" clover="3.2.0">
  <project timestamp="1733673954524" name="All files">
    <metrics statements="46" coveredstatements="35" conditionals="46" coveredconditionals="27" methods="9" coveredmethods="8" elements="101" coveredelements="70" complexity="0" loc="46" ncloc="46" packages="2" files="8" classes="8"/>
    <package name="src">
      <metrics statements="13" coveredstatements="13" conditionals="10" coveredconditionals="8" methods="4" coveredmethods="4"/>
      <file name="add.js" path="C:\Users\siina\Documents\University\Software_testing\src\add.js">
        <metrics statements="1" coveredstatements="1" conditionals="0" coveredconditionals="0" methods="1" coveredmethods="1"/>
        <line num="16" count="12" type="stmt"/>
      </file>
      <file name="filter.js" path="C:\Users\siina\Documents\University\Software_testing\src\filter.js">
        <metrics statements="9" coveredstatements="9" conditionals="4" coveredconditionals="4" methods="1" coveredmethods="1"/>
        <line num="25" count="5" type="stmt"/>
        <line num="26" count="5" type="stmt"/>
        <line num="27" count="5" type="cond" truecount="2" falsecount="0"/>
        <line num="28" count="5" type="stmt"/>
        <line num="30" count="5" type="stmt"/>
        <line num="31" count="12" type="stmt"/>
        <line num="32" count="12" type="cond" truecount="2" falsecount="0"/>
        <line num="33" count="3" type="stmt"/>
        <line num="36" count="5" type="stmt"/>
      </file>
      <file name="isObjectLike.js" path="C:\Users\siina\Documents\University\Software_testing\src\isObjectLike.js">
        <metrics statements="1" coveredstatements="1" conditionals="2" coveredconditionals="2" methods="1" coveredmethods="1"/>
        <line num="24" count="10" type="cond" truecount="2" falsecount="0"/>
      </file>
      <file name="isSymbol.js" path="C:\Users\siina\Documents\University\Software_testing\src\isSymbol.js">
        <metrics statements="2" coveredstatements="2" conditionals="4" coveredconditionals="2" methods="1" coveredmethods="1"/>
        <line num="19" count="1" type="stmt"/>
        <line num="20" count="1" type="cond" truecount="2" falsecount="2"/>
      </file>
    </package>
    <package name="src..internal">
      <metrics statements="33" coveredstatements="22" conditionals="36" coveredconditionals="19" methods="5" coveredmethods="4"/>
      <file name="baseToNumber.js" path="C:\Users\siina\Documents\University\Software_testing\src\.internal\baseToNumber.js">
        <metrics statements="6" coveredstatements="3" conditionals="4" coveredconditionals="1" methods="1" coveredmethods="1"/>
        <line num="4" count="1" type="stmt"/>
        <line num="15" count="22" type="cond" truecount="1" falsecount="1"/>
        <line num="16" count="22" type="stmt"/>
        <line num="18" count="0" type="cond" truecount="0" falsecount="2"/>
        <line num="19" count="0" type="stmt"/>
        <line num="21" count="0" type="stmt"/>
      </file>
      <file name="baseToString.js" path="C:\Users\siina\Documents\University\Software_testing\src\.internal\baseToString.js">
        <metrics statements="10" coveredstatements="8" conditionals="12" coveredconditionals="6" methods="1" coveredmethods="1"/>
        <line num="4" count="1" type="stmt"/>
        <line num="7" count="1" type="stmt"/>
        <line num="19" count="2" type="cond" truecount="2" falsecount="0"/>
        <line num="20" count="1" type="stmt"/>
        <line num="22" count="1" type="cond" truecount="1" falsecount="1"/>
        <line num="24" count="0" type="stmt"/>
        <line num="26" count="1" type="cond" truecount="1" falsecount="1"/>
        <line num="27" count="0" type="cond" truecount="0" falsecount="2"/>
        <line num="29" count="1" type="stmt"/>
        <line num="30" count="1" type="cond" truecount="2" falsecount="2"/>
      </file>
      <file name="createMathOperation.js" path="C:\Users\siina\Documents\University\Software_testing\src\.internal\createMathOperation.js">
        <metrics statements="13" coveredstatements="10" conditionals="16" coveredconditionals="12" methods="2" coveredmethods="2"/>
        <line num="13" count="1" type="stmt"/>
        <line num="14" count="12" type="cond" truecount="2" falsecount="2"/>
        <line num="15" count="0" type="stmt"/>
        <line num="17" count="12" type="cond" truecount="3" falsecount="1"/>
        <line num="18" count="0" type="stmt"/>
        <line num="20" count="12" type="cond" truecount="3" falsecount="1"/>
        <line num="21" count="0" type="stmt"/>
        <line num="23" count="12" type="cond" truecount="4" falsecount="0"/>
        <line num="24" count="1" type="stmt"/>
        <line num="25" count="1" type="stmt"/>
        <line num="28" count="11" type="stmt"/>
        <line num="29" count="11" type="stmt"/>
        <line num="31" count="12" type="stmt"/>
      </file>
      <file name="getTag.js" path="C:\Users\siina\Documents\University\Software_testing\src\.internal\getTag.js">
        <metrics statements="4" coveredstatements="1" conditionals="4" coveredconditionals="0" methods="1" coveredmethods="0"/>
        <line num="1" count="1" type="stmt"/>
        <line num="11" count="0" type="cond" truecount="0" falsecount="2"/>
        <line num="12" count="0" type="cond" truecount="0" falsecount="2"/>
        <line num="14" count="0" type="stmt"/>
      </file>
    </package>
  </project>
</coverage>
