TN:
SF:src\ceil.js
FNF:0
FNH:0
DA:22,1
LF:1
LH:1
BRF:0
BRH:0
end_of_record
TN:
SF:src\filter.js
FN:24,filter
FNF:1
FNH:1
FNDA:2,filter
DA:25,2
DA:26,2
DA:27,2
DA:28,2
DA:30,2
DA:31,14
DA:32,14
DA:33,6
DA:36,2
LF:9
LH:9
BRDA:27,0,0,0
BRDA:27,0,1,2
BRDA:32,1,0,6
BRDA:32,1,1,8
BRF:4
BRH:3
end_of_record
TN:
SF:src\.internal\createRound.js
FN:8,createRound
FN:10,(anonymous_1)
FNF:2
FNH:2
FNDA:1,createRound
FNDA:6,(anonymous_1)
DA:9,1
DA:10,1
DA:11,6
DA:12,6
DA:15,0
DA:16,0
DA:18,0
DA:19,0
DA:21,6
LF:9
LH:5
BRDA:11,0,0,6
BRDA:11,0,1,0
BRDA:11,1,0,0
BRDA:11,1,1,0
BRDA:12,2,0,0
BRDA:12,2,1,6
BRF:6
BRH:2
end_of_record
