TN:
SF:src\add.js
FN:16,(anonymous_0)
FNF:1
FNH:1
FNDA:11,(anonymous_0)
DA:16,11
LF:1
LH:1
BRF:0
BRH:0
end_of_record
TN:
SF:src\filter.js
FN:24,filter
FNF:1
FNH:1
FNDA:2,filter
DA:25,2
DA:26,2
DA:27,2
DA:28,2
DA:30,2
DA:31,7
DA:32,7
DA:33,3
DA:36,2
LF:9
LH:9
BRDA:27,0,0,0
BRDA:27,0,1,2
BRDA:32,1,0,3
BRDA:32,1,1,4
BRF:4
BRH:3
end_of_record
TN:
SF:src\isObjectLike.js
FN:23,isObjectLike
FNF:1
FNH:1
FNDA:10,isObjectLike
DA:24,10
LF:1
LH:1
BRDA:24,0,0,10
BRDA:24,0,1,3
BRF:2
BRH:2
end_of_record
TN:
SF:src\isSymbol.js
FN:18,isSymbol
FNF:1
FNH:0
FNDA:0,isSymbol
DA:19,0
DA:20,0
LF:2
LH:0
BRDA:20,0,0,0
BRDA:20,0,1,0
BRDA:20,0,2,0
BRDA:20,0,3,0
BRF:4
BRH:0
end_of_record
TN:
SF:src\.internal\baseToNumber.js
FN:14,baseToNumber
FNF:1
FNH:1
FNDA:22,baseToNumber
DA:4,1
DA:15,22
DA:16,22
DA:18,0
DA:19,0
DA:21,0
LF:6
LH:3
BRDA:15,0,0,22
BRDA:15,0,1,0
BRDA:18,1,0,0
BRDA:18,1,1,0
BRF:4
BRH:1
end_of_record
TN:
SF:src\.internal\baseToString.js
FN:17,baseToString
FNF:1
FNH:0
FNDA:0,baseToString
DA:4,1
DA:7,1
DA:19,0
DA:20,0
DA:22,0
DA:24,0
DA:26,0
DA:27,0
DA:29,0
DA:30,0
LF:10
LH:2
BRDA:19,0,0,0
BRDA:19,0,1,0
BRDA:22,1,0,0
BRDA:22,1,1,0
BRDA:26,2,0,0
BRDA:26,2,1,0
BRDA:27,3,0,0
BRDA:27,3,1,0
BRDA:30,4,0,0
BRDA:30,4,1,0
BRDA:30,5,0,0
BRDA:30,5,1,0
BRF:12
BRH:0
end_of_record
TN:
SF:src\.internal\createMathOperation.js
FN:12,createMathOperation
FN:13,(anonymous_1)
FNF:2
FNH:2
FNDA:1,createMathOperation
FNDA:11,(anonymous_1)
DA:13,1
DA:14,11
DA:15,0
DA:17,11
DA:18,0
DA:20,11
DA:21,0
DA:23,11
DA:24,0
DA:25,0
DA:28,11
DA:29,11
DA:31,11
LF:13
LH:8
BRDA:14,0,0,0
BRDA:14,0,1,11
BRDA:14,1,0,11
BRDA:14,1,1,0
BRDA:17,2,0,0
BRDA:17,2,1,11
BRDA:17,3,0,11
BRDA:17,3,1,11
BRDA:20,4,0,0
BRDA:20,4,1,11
BRDA:20,5,0,11
BRDA:20,5,1,11
BRDA:23,6,0,0
BRDA:23,6,1,11
BRDA:23,7,0,11
BRDA:23,7,1,11
BRF:16
BRH:11
end_of_record
TN:
SF:src\.internal\getTag.js
FN:10,getTag
FNF:1
FNH:0
FNDA:0,getTag
DA:1,1
DA:11,0
DA:12,0
DA:14,0
LF:4
LH:1
BRDA:11,0,0,0
BRDA:11,0,1,0
BRDA:12,1,0,0
BRDA:12,1,1,0
BRF:4
BRH:0
end_of_record
